2025-05-15T10:14:36.549+0800	DEBUG	backend/main.go:52	logger init success
2025-05-15T10:14:36.669+0800	INFO	mysql/StatusChecker.go:42	状态更新完成	{"影响行数": 1}
2025-05-15T10:14:36.672+0800	INFO	mysql/StatusChecker.go:80	状态更新完成	{"影响行数": 1}
2025-05-15T10:14:36.672+0800	INFO	statuschecker/statuschecker.go:13	开机状态检查	{"start_time": "2025-05-15T10:14:36.672+0800"}
2025-05-15T11:32:12.517+0800	DEBUG	backend/main.go:52	logger init success
2025-05-15T11:32:12.535+0800	INFO	mysql/StatusChecker.go:42	状态更新完成	{"影响行数": 0}
2025-05-15T11:32:12.536+0800	INFO	mysql/StatusChecker.go:80	状态更新完成	{"影响行数": 0}
2025-05-15T11:32:12.536+0800	INFO	statuschecker/statuschecker.go:13	开机状态检查	{"start_time": "2025-05-15T11:32:12.536+0800"}
2025-05-16T09:41:14.257+0800	DEBUG	backend/main.go:52	logger init success
2025-05-16T09:41:14.287+0800	INFO	mysql/StatusChecker.go:42	状态更新完成	{"影响行数": 0}
2025-05-16T09:41:14.289+0800	INFO	mysql/StatusChecker.go:80	状态更新完成	{"影响行数": 0}
2025-05-16T09:41:14.289+0800	INFO	statuschecker/statuschecker.go:13	开机状态检查	{"start_time": "2025-05-16T09:41:14.289+0800"}
2025-05-16T09:41:43.984+0800	INFO	logger/logger.go:81	/api/v1/login	{"status": 200, "method": "POST", "path": "/api/v1/login", "query": "", "ip": "127.0.0.1", "user-agent": "PostmanRuntime/7.43.4", "errors": "", "cost": 0.0067212}
2025-05-16T09:42:14.290+0800	INFO	mysql/StatusChecker.go:42	状态更新完成	{"影响行数": 0}
2025-05-16T09:42:14.291+0800	INFO	mysql/StatusChecker.go:80	状态更新完成	{"影响行数": 0}
2025-05-16T09:43:14.291+0800	INFO	mysql/StatusChecker.go:42	状态更新完成	{"影响行数": 0}
2025-05-16T09:43:14.293+0800	INFO	mysql/StatusChecker.go:80	状态更新完成	{"影响行数": 0}
2025-05-16T09:43:39.690+0800	INFO	logger/logger.go:81	/api/v1/change_password	{"status": 200, "method": "POST", "path": "/api/v1/change_password", "query": "", "ip": "127.0.0.1", "user-agent": "PostmanRuntime/7.43.4", "errors": "", "cost": 0.0101903}
2025-05-16T09:44:14.291+0800	INFO	mysql/StatusChecker.go:42	状态更新完成	{"影响行数": 0}
2025-05-16T09:44:14.295+0800	INFO	mysql/StatusChecker.go:80	状态更新完成	{"影响行数": 0}
2025-05-16T09:44:52.797+0800	DEBUG	backend/main.go:52	logger init success
2025-05-16T09:44:52.813+0800	INFO	mysql/StatusChecker.go:42	状态更新完成	{"影响行数": 0}
2025-05-16T09:44:52.813+0800	INFO	mysql/StatusChecker.go:80	状态更新完成	{"影响行数": 0}
2025-05-16T09:44:52.813+0800	INFO	statuschecker/statuschecker.go:13	开机状态检查	{"start_time": "2025-05-16T09:44:52.813+0800"}
2025-05-16T09:44:57.482+0800	ERROR	controller/user.go:88	logic.Login failed	{"error": "用户名或密码错误"}
2025-05-16T09:44:57.482+0800	INFO	logger/logger.go:81	/api/v1/login	{"status": 200, "method": "POST", "path": "/api/v1/login", "query": "", "ip": "127.0.0.1", "user-agent": "PostmanRuntime/7.43.4", "errors": "", "cost": 0.0015709}
2025-05-16T09:45:04.833+0800	INFO	logger/logger.go:81	/api/v1/login	{"status": 200, "method": "POST", "path": "/api/v1/login", "query": "", "ip": "127.0.0.1", "user-agent": "PostmanRuntime/7.43.4", "errors": "", "cost": 0.0011862}
